{
    "live": "false",
    "notificationItems": [
        {
            "NotificationRequestItem": {
                "additionalData": {
                    "expiryDate": "12/2012",
                    "authCode": "1234",
                    "cardSummary": "7777",
                    "totalFraudScore": "10",
                    "hmacSignature": "qwpTIu9l8Iet1tIR/Hnbf+Cczafxtr8yTpGm2NM4i5A=",
                    "NAME2": "VALUE2",
                    "NAME1": "VALUE1",
                    "fraudCheck-6-ShopperIpUsage": "10"
                },
                "amount": {
                    "currency": "EUR",
                    "value": 10100
                },
                "eventCode": "AUTHORISATION",
                "eventDate": "2023-09-05T09:43:07+02:00",
                "merchantAccountCode": "AdyenTechSupport_CarltonTest_TEST",
                "merchantReference": "8313842560770001",
                "operations": [
                    "CANCEL",
                    "CAPTURE",
                    "REFUND"
                ],
                "paymentMethod": "visa",
                "pspReference": "JLG22Z5KDNZ9Z782",
                "reason": "1234:7777:12/2012",
                "success": "true"
            }
        }
    ]
}